# JRE version: OpenJDK Runtime Environment Temurin-21.0.7+6 (21.0.7+6) (build 21.0.7+6-LTS)
# Java VM: OpenJDK 64-Bit Server VM Temurin-21.0.7+6 (21.0.7+6-LTS, mixed mode, sharing, tiered, compressed oops, compressed class ptrs, parallel gc, windows-amd64)
GC Precious Log:
 CardTable entry size: 512
 CPUs: 16 total, 16 available
 Memory: 15654M
 Large Page Support: Disabled
 NUMA Support: Disabled
 Compressed Oops: Enabled (32-bit)
 Alignments: Space 512K, Generation 512K, Heap 2M
 Heap Min Capacity: 100M
 Heap Initial Capacity: 100M
 Heap Max Capacity: 1G
 Pre-touch: Disabled
 Parallel Workers: 13
Heap:
 PSYoungGen      total 6144K, used 5920K [0x00000000eab00000, 0x00000000eb200000, 0x0000000100000000)
  eden space 5120K, 100% used [0x00000000eab00000,0x00000000eb000000,0x00000000eb000000)
  from space 1024K, 78% used [0x00000000eb100000,0x00000000eb1c8000,0x00000000eb200000)
  to   space 1024K, 62% used [0x00000000eb000000,0x00000000eb0a0010,0x00000000eb100000)
 ParOldGen       total 631296K, used 631292K [0x00000000c0000000, 0x00000000e6880000, 0x00000000eab00000)
  object space 631296K, 99% used [0x00000000c0000000,0x00000000e687f260,0x00000000e6880000)
 Metaspace       used 64499K, committed 65984K, reserved 1114112K
  class space    used 6600K, committed 7232K, reserved 1048576K
GC Heap History (20 events):
Event: 22.473 GC heap before
{Heap before GC invocations=1067 (full 3):
 PSYoungGen      total 7168K, used 6944K [0x00000000eab00000, 0x00000000eb300000, 0x0000000100000000)
  eden space 6144K, 100% used [0x00000000eab00000,0x00000000eb100000,0x00000000eb100000)
  from space 1024K, 78% used [0x00000000eb180000,0x00000000eb248000,0x00000000eb280000)
  to   space 512K, 0% used [0x00000000eb280000,0x00000000eb280000,0x00000000eb300000)
 ParOldGen       total 624128K, used 623850K [0x00000000c0000000, 0x00000000e6180000, 0x00000000eab00000)
  object space 624128K, 99% used [0x00000000c0000000,0x00000000e613a850,0x00000000e6180000)
 Metaspace       used 64240K, committed 65792K, reserved 1114112K
  class space    used 6568K, committed 7232K, reserved 1048576K
}
Event: 22.474 GC heap after
{Heap after GC invocations=1067 (full 3):
 PSYoungGen      total 6656K, used 512K [0x00000000eab00000, 0x00000000eb400000, 0x0000000100000000)
  eden space 6144K, 0% used [0x00000000eab00000,0x00000000eab00000,0x00000000eb100000)
  from space 512K, 100% used [0x00000000eb280000,0x00000000eb300000,0x00000000eb300000)
  to   space 1536K, 0% used [0x00000000eb100000,0x00000000eb100000,0x00000000eb280000)
 ParOldGen       total 624640K, used 624442K [0x00000000c0000000, 0x00000000e6200000, 0x00000000eab00000)
  object space 624640K, 99% used [0x00000000c0000000,0x00000000e61ce850,0x00000000e6200000)
 Metaspace       used 64240K, committed 65792K, reserved 1114112K
  class space    used 6568K, committed 7232K, reserved 1048576K
}
Event: 22.484 GC heap before
{Heap before GC invocations=1068 (full 3):
 PSYoungGen      total 6656K, used 6656K [0x00000000eab00000, 0x00000000eb400000, 0x0000000100000000)
  eden space 6144K, 100% used [0x00000000eab00000,0x00000000eb100000,0x00000000eb100000)
  from space 512K, 100% used [0x00000000eb280000,0x00000000eb300000,0x00000000eb300000)
  to   space 1536K, 0% used [0x00000000eb100000,0x00000000eb100000,0x00000000eb280000)
 ParOldGen       total 624640K, used 624442K [0x00000000c0000000, 0x00000000e6200000, 0x00000000eab00000)
  object space 624640K, 99% used [0x00000000c0000000,0x00000000e61ce850,0x00000000e6200000)
 Metaspace       used 64251K, committed 65792K, reserved 1114112K
  class space    used 6570K, committed 7232K, reserved 1048576K
}
Event: 22.486 GC heap after
{Heap after GC invocations=1068 (full 3):
 PSYoungGen      total 7168K, used 912K [0x00000000eab00000, 0x00000000eb300000, 0x0000000100000000)
  eden space 6144K, 0% used [0x00000000eab00000,0x00000000eab00000,0x00000000eb100000)
  from space 1024K, 89% used [0x00000000eb100000,0x00000000eb1e4010,0x00000000eb200000)
  to   space 1024K, 0% used [0x00000000eb200000,0x00000000eb200000,0x00000000eb300000)
 ParOldGen       total 625152K, used 624954K [0x00000000c0000000, 0x00000000e6280000, 0x00000000eab00000)
  object space 625152K, 99% used [0x00000000c0000000,0x00000000e624e850,0x00000000e6280000)
 Metaspace       used 64251K, committed 65792K, reserved 1114112K
  class space    used 6570K, committed 7232K, reserved 1048576K
}
Event: 22.499 GC heap before
{Heap before GC invocations=1069 (full 3):
 PSYoungGen      total 7168K, used 7056K [0x00000000eab00000, 0x00000000eb300000, 0x0000000100000000)
  eden space 6144K, 100% used [0x00000000eab00000,0x00000000eb100000,0x00000000eb100000)
  from space 1024K, 89% used [0x00000000eb100000,0x00000000eb1e4010,0x00000000eb200000)
  to   space 1024K, 0% used [0x00000000eb200000,0x00000000eb200000,0x00000000eb300000)
 ParOldGen       total 625152K, used 624954K [0x00000000c0000000, 0x00000000e6280000, 0x00000000eab00000)
  object space 625152K, 99% used [0x00000000c0000000,0x00000000e624e850,0x00000000e6280000)
 Metaspace       used 64284K, committed 65792K, reserved 1114112K
  class space    used 6578K, committed 7232K, reserved 1048576K
}
Event: 22.501 GC heap after
{Heap after GC invocations=1069 (full 3):
 PSYoungGen      total 6144K, used 1016K [0x00000000eab00000, 0x00000000eb500000, 0x0000000100000000)
  eden space 5120K, 0% used [0x00000000eab00000,0x00000000eab00000,0x00000000eb000000)
  from space 1024K, 99% used [0x00000000eb200000,0x00000000eb2fe3f0,0x00000000eb300000)
  to   space 2048K, 0% used [0x00000000eb000000,0x00000000eb000000,0x00000000eb200000)
 ParOldGen       total 626176K, used 625676K [0x00000000c0000000, 0x00000000e6380000, 0x00000000eab00000)
  object space 626176K, 99% used [0x00000000c0000000,0x00000000e6303310,0x00000000e6380000)
 Metaspace       used 64284K, committed 65792K, reserved 1114112K
  class space    used 6578K, committed 7232K, reserved 1048576K
}
Event: 22.512 GC heap before
{Heap before GC invocations=1070 (full 3):
 PSYoungGen      total 6144K, used 6133K [0x00000000eab00000, 0x00000000eb500000, 0x0000000100000000)
  eden space 5120K, 99% used [0x00000000eab00000,0x00000000eafff048,0x00000000eb000000)
  from space 1024K, 99% used [0x00000000eb200000,0x00000000eb2fe3f0,0x00000000eb300000)
  to   space 2048K, 0% used [0x00000000eb000000,0x00000000eb000000,0x00000000eb200000)
 ParOldGen       total 626176K, used 625676K [0x00000000c0000000, 0x00000000e6380000, 0x00000000eab00000)
  object space 626176K, 99% used [0x00000000c0000000,0x00000000e6303310,0x00000000e6380000)
 Metaspace       used 64332K, committed 65856K, reserved 1114112K
  class space    used 6586K, committed 7232K, reserved 1048576K
}
Event: 22.514 GC heap after
{Heap after GC invocations=1070 (full 3):
 PSYoungGen      total 6144K, used 912K [0x00000000eab00000, 0x00000000eb300000, 0x0000000100000000)
  eden space 5120K, 0% used [0x00000000eab00000,0x00000000eab00000,0x00000000eb000000)
  from space 1024K, 89% used [0x00000000eb000000,0x00000000eb0e4010,0x00000000eb100000)
  to   space 1536K, 0% used [0x00000000eb180000,0x00000000eb180000,0x00000000eb300000)
 ParOldGen       total 626688K, used 626628K [0x00000000c0000000, 0x00000000e6400000, 0x00000000eab00000)
  object space 626688K, 99% used [0x00000000c0000000,0x00000000e63f1310,0x00000000e6400000)
 Metaspace       used 64332K, committed 65856K, reserved 1114112K
  class space    used 6586K, committed 7232K, reserved 1048576K
}
Event: 22.526 GC heap before
{Heap before GC invocations=1071 (full 3):
 PSYoungGen      total 6144K, used 6032K [0x00000000eab00000, 0x00000000eb300000, 0x0000000100000000)
  eden space 5120K, 100% used [0x00000000eab00000,0x00000000eb000000,0x00000000eb000000)
  from space 1024K, 89% used [0x00000000eb000000,0x00000000eb0e4010,0x00000000eb100000)
  to   space 1536K, 0% used [0x00000000eb180000,0x00000000eb180000,0x00000000eb300000)
 ParOldGen       total 626688K, used 626628K [0x00000000c0000000, 0x00000000e6400000, 0x00000000eab00000)
  object space 626688K, 99% used [0x00000000c0000000,0x00000000e63f1310,0x00000000e6400000)
 Metaspace       used 64396K, committed 65920K, reserved 1114112K
  class space    used 6591K, committed 7232K, reserved 1048576K
}
Event: 22.528 GC heap after
{Heap after GC invocations=1071 (full 3):
 PSYoungGen      total 6144K, used 576K [0x00000000eab00000, 0x00000000eb280000, 0x0000000100000000)
  eden space 5120K, 0% used [0x00000000eab00000,0x00000000eab00000,0x00000000eb000000)
  from space 1024K, 56% used [0x00000000eb180000,0x00000000eb210000,0x00000000eb280000)
  to   space 1024K, 0% used [0x00000000eb000000,0x00000000eb000000,0x00000000eb100000)
 ParOldGen       total 627712K, used 627364K [0x00000000c0000000, 0x00000000e6500000, 0x00000000eab00000)
  object space 627712K, 99% used [0x00000000c0000000,0x00000000e64a9310,0x00000000e6500000)
 Metaspace       used 64396K, committed 65920K, reserved 1114112K
  class space    used 6591K, committed 7232K, reserved 1048576K
}
Event: 22.542 GC heap before
{Heap before GC invocations=1072 (full 3):
 PSYoungGen      total 6144K, used 5696K [0x00000000eab00000, 0x00000000eb280000, 0x0000000100000000)
  eden space 5120K, 100% used [0x00000000eab00000,0x00000000eb000000,0x00000000eb000000)
  from space 1024K, 56% used [0x00000000eb180000,0x00000000eb210000,0x00000000eb280000)
  to   space 1024K, 0% used [0x00000000eb000000,0x00000000eb000000,0x00000000eb100000)
 ParOldGen       total 627712K, used 627364K [0x00000000c0000000, 0x00000000e6500000, 0x00000000eab00000)
  object space 627712K, 99% used [0x00000000c0000000,0x00000000e64a9310,0x00000000e6500000)
 Metaspace       used 64414K, committed 65920K, reserved 1114112K
  class space    used 6595K, committed 7232K, reserved 1048576K
}
Event: 22.544 GC heap after
{Heap after GC invocations=1072 (full 3):
 PSYoungGen      total 6144K, used 768K [0x00000000eab00000, 0x00000000eb200000, 0x0000000100000000)
  eden space 5120K, 0% used [0x00000000eab00000,0x00000000eab00000,0x00000000eb000000)
  from space 1024K, 75% used [0x00000000eb000000,0x00000000eb0c0000,0x00000000eb100000)
  to   space 1024K, 0% used [0x00000000eb100000,0x00000000eb100000,0x00000000eb200000)
 ParOldGen       total 628224K, used 627860K [0x00000000c0000000, 0x00000000e6580000, 0x00000000eab00000)
  object space 628224K, 99% used [0x00000000c0000000,0x00000000e6525310,0x00000000e6580000)
 Metaspace       used 64414K, committed 65920K, reserved 1114112K
  class space    used 6595K, committed 7232K, reserved 1048576K
}
Event: 22.554 GC heap before
{Heap before GC invocations=1073 (full 3):
 PSYoungGen      total 6144K, used 5888K [0x00000000eab00000, 0x00000000eb200000, 0x0000000100000000)
  eden space 5120K, 100% used [0x00000000eab00000,0x00000000eb000000,0x00000000eb000000)
  from space 1024K, 75% used [0x00000000eb000000,0x00000000eb0c0000,0x00000000eb100000)
  to   space 1024K, 0% used [0x00000000eb100000,0x00000000eb100000,0x00000000eb200000)
 ParOldGen       total 628224K, used 627860K [0x00000000c0000000, 0x00000000e6580000, 0x00000000eab00000)
  object space 628224K, 99% used [0x00000000c0000000,0x00000000e6525310,0x00000000e6580000)
 Metaspace       used 64416K, committed 65920K, reserved 1114112K
  class space    used 6595K, committed 7232K, reserved 1048576K
}
Event: 22.555 GC heap after
{Heap after GC invocations=1073 (full 3):
 PSYoungGen      total 6144K, used 672K [0x00000000eab00000, 0x00000000eb200000, 0x0000000100000000)
  eden space 5120K, 0% used [0x00000000eab00000,0x00000000eab00000,0x00000000eb000000)
  from space 1024K, 65% used [0x00000000eb100000,0x00000000eb1a8000,0x00000000eb200000)
  to   space 1024K, 0% used [0x00000000eb000000,0x00000000eb000000,0x00000000eb100000)
 ParOldGen       total 628736K, used 628510K [0x00000000c0000000, 0x00000000e6600000, 0x00000000eab00000)
  object space 628736K, 99% used [0x00000000c0000000,0x00000000e65c7b30,0x00000000e6600000)
 Metaspace       used 64416K, committed 65920K, reserved 1114112K
  class space    used 6595K, committed 7232K, reserved 1048576K
}
Event: 22.568 GC heap before
{Heap before GC invocations=1074 (full 3):
 PSYoungGen      total 6144K, used 5792K [0x00000000eab00000, 0x00000000eb200000, 0x0000000100000000)
  eden space 5120K, 100% used [0x00000000eab00000,0x00000000eb000000,0x00000000eb000000)
  from space 1024K, 65% used [0x00000000eb100000,0x00000000eb1a8000,0x00000000eb200000)
  to   space 1024K, 0% used [0x00000000eb000000,0x00000000eb000000,0x00000000eb100000)
 ParOldGen       total 628736K, used 628510K [0x00000000c0000000, 0x00000000e6600000, 0x00000000eab00000)
  object space 628736K, 99% used [0x00000000c0000000,0x00000000e65c7b30,0x00000000e6600000)
 Metaspace       used 64440K, committed 65920K, reserved 1114112K
  class space    used 6598K, committed 7232K, reserved 1048576K
}
Event: 22.570 GC heap after
{Heap after GC invocations=1074 (full 3):
 PSYoungGen      total 6144K, used 864K [0x00000000eab00000, 0x00000000eb200000, 0x0000000100000000)
  eden space 5120K, 0% used [0x00000000eab00000,0x00000000eab00000,0x00000000eb000000)
  from space 1024K, 84% used [0x00000000eb000000,0x00000000eb0d8000,0x00000000eb100000)
  to   space 1024K, 0% used [0x00000000eb100000,0x00000000eb100000,0x00000000eb200000)
 ParOldGen       total 629248K, used 629020K [0x00000000c0000000, 0x00000000e6680000, 0x00000000eab00000)
  object space 629248K, 99% used [0x00000000c0000000,0x00000000e6647240,0x00000000e6680000)
 Metaspace       used 64440K, committed 65920K, reserved 1114112K
  class space    used 6598K, committed 7232K, reserved 1048576K
}
Event: 22.579 GC heap before
{Heap before GC invocations=1075 (full 3):
 PSYoungGen      total 6144K, used 5984K [0x00000000eab00000, 0x00000000eb200000, 0x0000000100000000)
  eden space 5120K, 100% used [0x00000000eab00000,0x00000000eb000000,0x00000000eb000000)
  from space 1024K, 84% used [0x00000000eb000000,0x00000000eb0d8000,0x00000000eb100000)
  to   space 1024K, 0% used [0x00000000eb100000,0x00000000eb100000,0x00000000eb200000)
 ParOldGen       total 629248K, used 629020K [0x00000000c0000000, 0x00000000e6680000, 0x00000000eab00000)
  object space 629248K, 99% used [0x00000000c0000000,0x00000000e6647240,0x00000000e6680000)
 Metaspace       used 64454K, committed 65920K, reserved 1114112K
  class space    used 6599K, committed 7232K, reserved 1048576K
}
Event: 22.581 GC heap after
{Heap after GC invocations=1075 (full 3):
 PSYoungGen      total 6144K, used 704K [0x00000000eab00000, 0x00000000eb200000, 0x0000000100000000)
  eden space 5120K, 0% used [0x00000000eab00000,0x00000000eab00000,0x00000000eb000000)
  from space 1024K, 68% used [0x00000000eb100000,0x00000000eb1b0000,0x00000000eb200000)
  to   space 1024K, 0% used [0x00000000eb000000,0x00000000eb000000,0x00000000eb100000)
 ParOldGen       total 629760K, used 629756K [0x00000000c0000000, 0x00000000e6700000, 0x00000000eab00000)
  object space 629760K, 99% used [0x00000000c0000000,0x00000000e66ff260,0x00000000e6700000)
 Metaspace       used 64454K, committed 65920K, reserved 1114112K
  class space    used 6599K, committed 7232K, reserved 1048576K
}
Event: 22.589 GC heap before
{Heap before GC invocations=1076 (full 3):
 PSYoungGen      total 6144K, used 5824K [0x00000000eab00000, 0x00000000eb200000, 0x0000000100000000)
  eden space 5120K, 100% used [0x00000000eab00000,0x00000000eb000000,0x00000000eb000000)
  from space 1024K, 68% used [0x00000000eb100000,0x00000000eb1b0000,0x00000000eb200000)
  to   space 1024K, 0% used [0x00000000eb000000,0x00000000eb000000,0x00000000eb100000)
 ParOldGen       total 629760K, used 629756K [0x00000000c0000000, 0x00000000e6700000, 0x00000000eab00000)
  object space 629760K, 99% used [0x00000000c0000000,0x00000000e66ff260,0x00000000e6700000)
 Metaspace       used 64454K, committed 65920K, reserved 1114112K
  class space    used 6599K, committed 7232K, reserved 1048576K
}
Event: 22.591 GC heap after
{Heap after GC invocations=1076 (full 3):
 PSYoungGen      total 6144K, used 672K [0x00000000eab00000, 0x00000000eb200000, 0x0000000100000000)
  eden space 5120K, 0% used [0x00000000eab00000,0x00000000eab00000,0x00000000eb000000)
  from space 1024K, 65% used [0x00000000eb000000,0x00000000eb0a8000,0x00000000eb100000)
  to   space 1024K, 0% used [0x00000000eb100000,0x00000000eb100000,0x00000000eb200000)
 ParOldGen       total 630784K, used 630284K [0x00000000c0000000, 0x00000000e6800000, 0x00000000eab00000)
  object space 630784K, 99% used [0x00000000c0000000,0x00000000e6783260,0x00000000e6800000)
 Metaspace       used 64454K, committed 65920K, reserved 1114112K
  class space    used 6599K, committed 7232K, reserved 1048576K
}

